Using pre-set license
Built from '2022.3/staging' branch; Version is '2022.3.19f1 (244b723c30a6) revision 2378610'; Using compiler version '192829333'; Build Type 'Release'
OS: 'Windows 11  (10.0.22621) 64bit Core' Language: 'es' Physical Memory: 16086 MB
BatchMode: 1, IsHumanControllingUs: 0, StartBugReporterOnCrash: 0, Is64bit: 1, IsPro: 1

COMMAND LINE ARGUMENTS:
C:\Program Files\2022.3.19f1\Editor\Unity.exe
-adb2
-batchMode
-noUpm
-name
AssetImportWorker1
-projectPath
C:/Users/milaptop/Desktop/GWent-Pro1/Gwent-Pro
-logFile
Logs/AssetImportWorker1.log
-srvPort
3622
Successfully changed project path to: C:/Users/milaptop/Desktop/GWent-Pro1/Gwent-Pro
C:/Users/milaptop/Desktop/GWent-Pro1/Gwent-Pro
[UnityMemory] Configuration Parameters - Can be set up in boot.config
    "memorysetup-bucket-allocator-granularity=16"
    "memorysetup-bucket-allocator-bucket-count=8"
    "memorysetup-bucket-allocator-block-size=33554432"
    "memorysetup-bucket-allocator-block-count=8"
    "memorysetup-main-allocator-block-size=16777216"
    "memorysetup-thread-allocator-block-size=16777216"
    "memorysetup-gfx-main-allocator-block-size=16777216"
    "memorysetup-gfx-thread-allocator-block-size=16777216"
    "memorysetup-cache-allocator-block-size=4194304"
    "memorysetup-typetree-allocator-block-size=2097152"
    "memorysetup-profiler-bucket-allocator-granularity=16"
    "memorysetup-profiler-bucket-allocator-bucket-count=8"
    "memorysetup-profiler-bucket-allocator-block-size=33554432"
    "memorysetup-profiler-bucket-allocator-block-count=8"
    "memorysetup-profiler-allocator-block-size=16777216"
    "memorysetup-profiler-editor-allocator-block-size=1048576"
    "memorysetup-temp-allocator-size-main=16777216"
    "memorysetup-job-temp-allocator-block-size=2097152"
    "memorysetup-job-temp-allocator-block-size-background=1048576"
    "memorysetup-job-temp-allocator-reduction-small-platforms=262144"
    "memorysetup-allocator-temp-initial-block-size-main=262144"
    "memorysetup-allocator-temp-initial-block-size-worker=262144"
    "memorysetup-temp-allocator-size-background-worker=32768"
    "memorysetup-temp-allocator-size-job-worker=262144"
    "memorysetup-temp-allocator-size-preload-manager=33554432"
    "memorysetup-temp-allocator-size-nav-mesh-worker=65536"
    "memorysetup-temp-allocator-size-audio-worker=65536"
    "memorysetup-temp-allocator-size-cloud-worker=32768"
    "memorysetup-temp-allocator-size-gi-baking-worker=262144"
    "memorysetup-temp-allocator-size-gfx=262144"
Player connection [12388] Host "[IP] 0.0.0.0 [Port] 0 [Flags] 2 [Guid] 3242463291 [EditorId] 3242463291 [Version] 1048832 [Id] WindowsEditor(7,DESKTOP-GR22R19) [Debug] 1 [PackageName] WindowsEditor [ProjectName] Editor" joined multi-casting on [225.0.0.222:54997]...

Player connection [12388] Host "[IP] 0.0.0.0 [Port] 0 [Flags] 2 [Guid] 3242463291 [EditorId] 3242463291 [Version] 1048832 [Id] WindowsEditor(7,DESKTOP-GR22R19) [Debug] 1 [PackageName] WindowsEditor [ProjectName] Editor" joined alternative multi-casting on [225.0.0.222:34997]...

[Physics::Module] Initialized MultithreadedJobDispatcher with 7 workers.
Refreshing native plugins compatible for Editor in 9.02 ms, found 4 plugins.
Preloading 0 native plugins for Editor in 0.00 ms.
Initialize engine version: 2022.3.19f1 (244b723c30a6)
[Subsystems] Discovering subsystems at path C:/Program Files/2022.3.19f1/Editor/Data/Resources/UnitySubsystems
[Subsystems] Discovering subsystems at path C:/Users/milaptop/Desktop/GWent-Pro1/Gwent-Pro/Assets
GfxDevice: creating device client; threaded=0; jobified=0
Direct3D:
    Version:  Direct3D 11.0 [level 11.1]
    Renderer: Intel(R) Iris(R) Xe Graphics (ID=0x9a49)
    Vendor:   Intel
    VRAM:     8043 MB
    Driver:   31.0.101.3222
Initialize mono
Mono path[0] = 'C:/Program Files/2022.3.19f1/Editor/Data/Managed'
Mono path[1] = 'C:/Program Files/2022.3.19f1/Editor/Data/MonoBleedingEdge/lib/mono/unityjit-win32'
Mono config path = 'C:/Program Files/2022.3.19f1/Editor/Data/MonoBleedingEdge/etc'
Using monoOptions --debugger-agent=transport=dt_socket,embedding=1,server=y,suspend=n,address=127.0.0.1:56668
Begin MonoManager ReloadAssembly
Registering precompiled unity dll's ...
Register platform support module: C:/Program Files/2022.3.19f1/Editor/Data/PlaybackEngines/WebGLSupport/UnityEditor.WebGL.Extensions.dll
Register platform support module: C:/Program Files/2022.3.19f1/Editor/Data/PlaybackEngines/WindowsStandaloneSupport/UnityEditor.WindowsStandalone.Extensions.dll
Registered in 0.007296 seconds.
- Loaded All Assemblies, in  0.374 seconds
Native extension for WindowsStandalone target not found
Native extension for WebGL target not found
Mono: successfully reloaded assembly
- Finished resetting the current domain, in  0.299 seconds
Domain Reload Profiling: 671ms
	BeginReloadAssembly (103ms)
		ExecutionOrderSort (0ms)
		DisableScriptedObjects (0ms)
		BackupInstance (0ms)
		ReleaseScriptingObjects (0ms)
		CreateAndSetChildDomain (1ms)
	RebuildCommonClasses (37ms)
	RebuildNativeTypeToScriptingClass (12ms)
	initialDomainReloadingComplete (61ms)
	LoadAllAssembliesAndSetupDomain (158ms)
		LoadAssemblies (102ms)
		RebuildTransferFunctionScriptingTraits (0ms)
		AnalyzeDomain (156ms)
			TypeCache.Refresh (154ms)
				TypeCache.ScanAssembly (139ms)
			ScanForSourceGeneratedMonoScriptInfo (0ms)
			ResolveRequiredComponents (1ms)
	FinalizeReload (299ms)
		ReleaseScriptCaches (0ms)
		RebuildScriptCaches (0ms)
		SetupLoadedEditorAssemblies (232ms)
			LogAssemblyErrors (0ms)
			InitializePlatformSupportModulesInManaged (11ms)
			SetLoadedEditorAssemblies (7ms)
			RefreshPlugins (0ms)
			BeforeProcessingInitializeOnLoad (3ms)
			ProcessInitializeOnLoadAttributes (162ms)
			ProcessInitializeOnLoadMethodAttributes (49ms)
			AfterProcessingInitializeOnLoad (0ms)
			EditorAssembliesLoaded (0ms)
		ExecutionOrderSort2 (0ms)
		AwakeInstancesAfterBackupRestoration (0ms)
========================================================================
Worker process is ready to serve import requests
Begin MonoManager ReloadAssembly
- Loaded All Assemblies, in  0.639 seconds
Refreshing native plugins compatible for Editor in 4.03 ms, found 4 plugins.
Native extension for WindowsStandalone target not found
Native extension for WebGL target not found
Package Manager log level set to [2]
[Package Manager] Server::EnsureServerProcessIsRunning -- launch failed, reason: Unity was launched with the -noUpm command-line argument
[Package Manager] UpmClient::Send -- Unable to send message (not connected to UPM process).
[Package Manager] Cannot connect to Unity Package Manager local server
Mono: successfully reloaded assembly
- Finished resetting the current domain, in  0.673 seconds
Domain Reload Profiling: 1310ms
	BeginReloadAssembly (153ms)
		ExecutionOrderSort (0ms)
		DisableScriptedObjects (7ms)
		BackupInstance (0ms)
		ReleaseScriptingObjects (0ms)
		CreateAndSetChildDomain (22ms)
	RebuildCommonClasses (37ms)
	RebuildNativeTypeToScriptingClass (12ms)
	initialDomainReloadingComplete (43ms)
	LoadAllAssembliesAndSetupDomain (393ms)
		LoadAssemblies (296ms)
		RebuildTransferFunctionScriptingTraits (0ms)
		AnalyzeDomain (183ms)
			TypeCache.Refresh (153ms)
				TypeCache.ScanAssembly (138ms)
			ScanForSourceGeneratedMonoScriptInfo (24ms)
			ResolveRequiredComponents (4ms)
	FinalizeReload (673ms)
		ReleaseScriptCaches (0ms)
		RebuildScriptCaches (0ms)
		SetupLoadedEditorAssemblies (496ms)
			LogAssemblyErrors (0ms)
			InitializePlatformSupportModulesInManaged (7ms)
			SetLoadedEditorAssemblies (4ms)
			RefreshPlugins (0ms)
			BeforeProcessingInitializeOnLoad (79ms)
			ProcessInitializeOnLoadAttributes (361ms)
			ProcessInitializeOnLoadMethodAttributes (39ms)
			AfterProcessingInitializeOnLoad (5ms)
			EditorAssembliesLoaded (0ms)
		ExecutionOrderSort2 (0ms)
		AwakeInstancesAfterBackupRestoration (8ms)
Launched and connected shader compiler UnityShaderCompiler.exe after 0.04 seconds
Refreshing native plugins compatible for Editor in 3.30 ms, found 4 plugins.
Preloading 0 native plugins for Editor in 0.00 ms.
Unloading 4114 Unused Serialized files (Serialized files now loaded: 0)
Unloading 69 unused Assets / (218.6 KB). Loaded Objects now: 4594.
Memory consumption went from 165.6 MB to 165.4 MB.
Total: 4.168700 ms (FindLiveObjects: 0.348300 ms CreateObjectMapping: 0.354900 ms MarkObjects: 3.272700 ms  DeleteObjects: 0.191600 ms)

AssetImportParameters requested are different than current active one (requested -> active):
  custom:container-demuxer-ogg: 62fdf1f143b41e24485cea50d1cbac27 -> 
  custom:video-codec-MediaFoundation-h265: 746d11721c4dcdbdad8f713fa42b33f4 -> 
  custom:video-decoder-ogg-theora: a1e56fd34408186e4bbccfd4996cb3dc -> 
  custom:framework-win-MediaFoundation: 216162199b28c13a410421893ffa2e32 -> 
  custom:CustomObjectIndexerAttribute: 6d391050e5a25f67b0a2c618074f2cd9 -> 
  custom:container-demuxer-webm: 4f35f7cbe854078d1ac9338744f61a02 -> 
  custom:container-muxer-webm: aa71ff27fc2769a1b78a27578f13a17b -> 
  custom:video-decoder-webm-vp8: 9c59270c3fd7afecdb556c50c9e8de78 -> 
  custom:SearchIndexIgnoredProperties: e643bd26f0fe6173181afceb89e7c659 -> 
  custom:AudioImporter_EditorPlatform: d09bf68614088b80899f8185d706f6e7 -> 
  custom:video-encoder-webm-vp8: eb34c28f22e8b96e1ab97ce403110664 -> 
  custom:audio-decoder-ogg-vorbis: bf7c407c2cedff20999df2af8eb42d56 -> 
  custom:audio-encoder-webm-vorbis: bf7c407c2cedff20999df2af8eb42d56 -> 
========================================================================
Received Import Request.
  Time since last request: 1215148.578726 seconds.
  path: Assets/Sprites/Gwent-Pro Sprites/Bola Smash.png
  artifactKey: Guid(f7279d501cf39284797ea16223f93efd) Importer(815301076,1909f56bfc062723c751e8b465ee728b)
Start importing Assets/Sprites/Gwent-Pro Sprites/Bola Smash.png using Guid(f7279d501cf39284797ea16223f93efd) Importer(815301076,1909f56bfc062723c751e8b465ee728b)  -> (artifact id: 'a0faa1285f1f6c3b7c1932eb5a52ba14') in 0.116155 seconds
Number of updated asset objects reloaded before import = 0
Number of asset objects unloaded after import = 3
========================================================================
Received Import Request.
  Time since last request: 0.000031 seconds.
  path: Assets/Sprites/Gwent-Pro Sprites/Kirby.png
  artifactKey: Guid(5e29ace49523be5459c4b13fc202cc40) Importer(815301076,1909f56bfc062723c751e8b465ee728b)
Start importing Assets/Sprites/Gwent-Pro Sprites/Kirby.png using Guid(5e29ace49523be5459c4b13fc202cc40) Importer(815301076,1909f56bfc062723c751e8b465ee728b)  -> (artifact id: 'ddd12fa0f83d6bc2a9305f1585272241') in 0.032670 seconds
Number of updated asset objects reloaded before import = 0
Number of asset objects unloaded after import = 3
========================================================================
Received Import Request.
  Time since last request: 0.000015 seconds.
  path: Assets/Sprites/Gwent-Pro Sprites
  artifactKey: Guid(51c14f4f37d9d4d40b677f602316880c) Importer(815301076,1909f56bfc062723c751e8b465ee728b)
Start importing Assets/Sprites/Gwent-Pro Sprites using Guid(51c14f4f37d9d4d40b677f602316880c) Importer(815301076,1909f56bfc062723c751e8b465ee728b)  -> (artifact id: '92656b55f17a69aede7bb3138a22b6ed') in 0.000392 seconds
Number of updated asset objects reloaded before import = 0
Number of asset objects unloaded after import = 0
========================================================================
Received Import Request.
  Time since last request: 0.000014 seconds.
  path: Assets/Sprites/Gwent-Pro Sprites/D.K.png
  artifactKey: Guid(5993b22f1731f264498c406136745e91) Importer(815301076,1909f56bfc062723c751e8b465ee728b)
Start importing Assets/Sprites/Gwent-Pro Sprites/D.K.png using Guid(5993b22f1731f264498c406136745e91) Importer(815301076,1909f56bfc062723c751e8b465ee728b)  -> (artifact id: '39e9a40504007692c268721fc9c9c4e8') in 0.043728 seconds
Number of updated asset objects reloaded before import = 0
Number of asset objects unloaded after import = 3
========================================================================
Received Import Request.
  Time since last request: 0.000020 seconds.
  path: Assets/Sprites/Gwent-Pro Sprites/Fox.png
  artifactKey: Guid(d111c4407570e564f9f6cb1abb01f5fd) Importer(815301076,1909f56bfc062723c751e8b465ee728b)
Start importing Assets/Sprites/Gwent-Pro Sprites/Fox.png using Guid(d111c4407570e564f9f6cb1abb01f5fd) Importer(815301076,1909f56bfc062723c751e8b465ee728b)  -> (artifact id: 'eb28e76e8add09fb962886587181ab07') in 0.030038 seconds
Number of updated asset objects reloaded before import = 0
Number of asset objects unloaded after import = 3
========================================================================
Received Import Request.
  Time since last request: 0.000023 seconds.
  path: Assets/Sprites/Gwent-Pro Sprites/Charmander.png
  artifactKey: Guid(4ec1c9caa93aa4643946d69ff394ae6c) Importer(815301076,1909f56bfc062723c751e8b465ee728b)
Start importing Assets/Sprites/Gwent-Pro Sprites/Charmander.png using Guid(4ec1c9caa93aa4643946d69ff394ae6c) Importer(815301076,1909f56bfc062723c751e8b465ee728b)  -> (artifact id: '2237e11dfd9248d0673f563d510a6016') in 0.038644 seconds
Number of updated asset objects reloaded before import = 0
Number of asset objects unloaded after import = 3
========================================================================
Received Import Request.
  Time since last request: 0.000018 seconds.
  path: Assets/Sprites/Gwent-Pro Sprites/Yoshi  2.png
  artifactKey: Guid(ba453312cd4dbb3408144171ca878053) Importer(815301076,1909f56bfc062723c751e8b465ee728b)
Start importing Assets/Sprites/Gwent-Pro Sprites/Yoshi  2.png using Guid(ba453312cd4dbb3408144171ca878053) Importer(815301076,1909f56bfc062723c751e8b465ee728b)  -> (artifact id: 'ee3c7a787280d5e9f720b47d1e41089e') in 0.041583 seconds
Number of updated asset objects reloaded before import = 0
Number of asset objects unloaded after import = 3
========================================================================
Received Import Request.
  Time since last request: 0.000062 seconds.
  path: Assets/Sprites/Gwent-Pro Sprites/Pikachu.png
  artifactKey: Guid(535f4c9eee70f594f923da8ddb4c72a7) Importer(815301076,1909f56bfc062723c751e8b465ee728b)
Start importing Assets/Sprites/Gwent-Pro Sprites/Pikachu.png using Guid(535f4c9eee70f594f923da8ddb4c72a7) Importer(815301076,1909f56bfc062723c751e8b465ee728b)  -> (artifact id: '2f0db735b2e856037dfc55c4a7c70cd4') in 0.125421 seconds
Number of updated asset objects reloaded before import = 0
Number of asset objects unloaded after import = 3
========================================================================
Received Import Request.
  Time since last request: 0.000020 seconds.
  path: Assets/Sprites/Gwent-Pro Sprites/Arceus.png
  artifactKey: Guid(08c55f1962335c24fabf3453a81372fb) Importer(815301076,1909f56bfc062723c751e8b465ee728b)
Start importing Assets/Sprites/Gwent-Pro Sprites/Arceus.png using Guid(08c55f1962335c24fabf3453a81372fb) Importer(815301076,1909f56bfc062723c751e8b465ee728b)  -> (artifact id: 'ea117ab708c685139ca963df31c6dbcf') in 0.039522 seconds
Number of updated asset objects reloaded before import = 0
Number of asset objects unloaded after import = 3
========================================================================
Received Import Request.
  Time since last request: 0.000077 seconds.
  path: Assets/Sprites/Gwent-Pro Sprites/Nevada.png
  artifactKey: Guid(e575739920d37024388c69e86f9406ed) Importer(815301076,1909f56bfc062723c751e8b465ee728b)
Start importing Assets/Sprites/Gwent-Pro Sprites/Nevada.png using Guid(e575739920d37024388c69e86f9406ed) Importer(815301076,1909f56bfc062723c751e8b465ee728b)  -> (artifact id: 'ffa5338df7afdc45bd950c8ead45c28f') in 0.033564 seconds
Number of updated asset objects reloaded before import = 0
Number of asset objects unloaded after import = 3
========================================================================
Received Import Request.
  Time since last request: 0.000053 seconds.
  path: Assets/Sprites/Gwent-Pro Sprites/Di패a Soleado.png
  artifactKey: Guid(9460b4102b2c6b5439a578999d4e66c0) Importer(815301076,1909f56bfc062723c751e8b465ee728b)
Start importing Assets/Sprites/Gwent-Pro Sprites/Di패a Soleado.png using Guid(9460b4102b2c6b5439a578999d4e66c0) Importer(815301076,1909f56bfc062723c751e8b465ee728b)  -> (artifact id: '858574b4321b22fa1c074b00f1066b14') in 0.034363 seconds
Number of updated asset objects reloaded before import = 0
Number of asset objects unloaded after import = 3
========================================================================
Received Import Request.
  Time since last request: 0.000047 seconds.
  path: Assets/Sprites/Gwent-Pro Sprites/Ness.png
  artifactKey: Guid(dfddaa6327168424a932357e79e4d421) Importer(815301076,1909f56bfc062723c751e8b465ee728b)
Start importing Assets/Sprites/Gwent-Pro Sprites/Ness.png using Guid(dfddaa6327168424a932357e79e4d421) Importer(815301076,1909f56bfc062723c751e8b465ee728b)  -> (artifact id: 'f6ca678bbd7e6e941dfc4be8ff5dafb1') in 0.036825 seconds
Number of updated asset objects reloaded before import = 0
Number of asset objects unloaded after import = 3
========================================================================
Received Import Request.
  Time since last request: 0.000036 seconds.
  path: Assets/Sprites/Gwent-Pro Sprites/Slaking.png
  artifactKey: Guid(a93f383e50dcc8a44af3579de4f6aaa1) Importer(815301076,1909f56bfc062723c751e8b465ee728b)
Start importing Assets/Sprites/Gwent-Pro Sprites/Slaking.png using Guid(a93f383e50dcc8a44af3579de4f6aaa1) Importer(815301076,1909f56bfc062723c751e8b465ee728b)  -> (artifact id: '666e4f52d4985531f064aad4175097ea') in 0.032213 seconds
Number of updated asset objects reloaded before import = 0
Number of asset objects unloaded after import = 3
========================================================================
Received Import Request.
  Time since last request: 0.000037 seconds.
  path: Assets/Sprites/Gwent-Pro Sprites/Di패a despejado.png
  artifactKey: Guid(2287e44bb3f17f94e8cbc58f42d68472) Importer(815301076,1909f56bfc062723c751e8b465ee728b)
Start importing Assets/Sprites/Gwent-Pro Sprites/Di패a despejado.png using Guid(2287e44bb3f17f94e8cbc58f42d68472) Importer(815301076,1909f56bfc062723c751e8b465ee728b)  -> (artifact id: '9a2cbf131851150c944692c8d7a5df6c') in 0.056026 seconds
Number of updated asset objects reloaded before import = 0
Number of asset objects unloaded after import = 3
========================================================================
Received Import Request.
  Time since last request: 0.000019 seconds.
  path: Assets/Sprites/Gwent-Pro Sprites/Brazal Recio.png
  artifactKey: Guid(4599ce22d7fdbcb498c286dc0da8f3d3) Importer(815301076,1909f56bfc062723c751e8b465ee728b)
Start importing Assets/Sprites/Gwent-Pro Sprites/Brazal Recio.png using Guid(4599ce22d7fdbcb498c286dc0da8f3d3) Importer(815301076,1909f56bfc062723c751e8b465ee728b)  -> (artifact id: 'ad280e967efd8692c16d884f5ed3f5b6') in 0.035948 seconds
Number of updated asset objects reloaded before import = 0
Number of asset objects unloaded after import = 3
========================================================================
Received Import Request.
  Time since last request: 0.000021 seconds.
  path: Assets/Sprites/Gwent-Pro Sprites/Mr Game & Whatch.png
  artifactKey: Guid(52fc8280ea9452a48ac610002c255807) Importer(815301076,1909f56bfc062723c751e8b465ee728b)
Start importing Assets/Sprites/Gwent-Pro Sprites/Mr Game & Whatch.png using Guid(52fc8280ea9452a48ac610002c255807) Importer(815301076,1909f56bfc062723c751e8b465ee728b)  -> (artifact id: 'aa889d91fdb8bbe96009fc25592a0cfa') in 0.047870 seconds
Number of updated asset objects reloaded before import = 0
Number of asset objects unloaded after import = 3
========================================================================
Received Import Request.
  Time since last request: 0.000027 seconds.
  path: Assets/Sprites/Gwent-Pro Sprites/Captain Falcon.png
  artifactKey: Guid(9a6d48198d1d16f49961984b18030d8b) Importer(815301076,1909f56bfc062723c751e8b465ee728b)
Start importing Assets/Sprites/Gwent-Pro Sprites/Captain Falcon.png using Guid(9a6d48198d1d16f49961984b18030d8b) Importer(815301076,1909f56bfc062723c751e8b465ee728b)  -> (artifact id: 'e9671d804b37b690d3076eae2e66b175') in 0.107868 seconds
Number of updated asset objects reloaded before import = 0
Number of asset objects unloaded after import = 3
========================================================================
Received Import Request.
  Time since last request: 0.000019 seconds.
  path: Assets/Sprites/Gwent-Pro Sprites/Blastoise.png
  artifactKey: Guid(5d465caa82e906d4db690e384658cbe4) Importer(815301076,1909f56bfc062723c751e8b465ee728b)
Start importing Assets/Sprites/Gwent-Pro Sprites/Blastoise.png using Guid(5d465caa82e906d4db690e384658cbe4) Importer(815301076,1909f56bfc062723c751e8b465ee728b)  -> (artifact id: '0ead914fa3b411fac1b740cc5d0621b2') in 0.065651 seconds
Number of updated asset objects reloaded before import = 0
Number of asset objects unloaded after import = 3
========================================================================
Received Import Request.
  Time since last request: 705.372079 seconds.
  path: Assets/Scripts/CardsInfos/Smash Bross/Yoshi Info 3.asset
  artifactKey: Guid(4c57056a1bad2e546aa343c532ab3038) Importer(815301076,1909f56bfc062723c751e8b465ee728b)
Start importing Assets/Scripts/CardsInfos/Smash Bross/Yoshi Info 3.asset using Guid(4c57056a1bad2e546aa343c532ab3038) Importer(815301076,1909f56bfc062723c751e8b465ee728b)  -> (artifact id: '6c982857ca0ceb3b95d5d7e5107c51df') in 0.002245 seconds
Number of updated asset objects reloaded before import = 0
Number of asset objects unloaded after import = 1
========================================================================
Received Import Request.
  Time since last request: 52.152051 seconds.
  path: Assets/Scripts/CardsInfos/Smash Bross/Link Info 1.asset
  artifactKey: Guid(4943014f1a4db8e43b75545182b4689b) Importer(815301076,1909f56bfc062723c751e8b465ee728b)
Start importing Assets/Scripts/CardsInfos/Smash Bross/Link Info 1.asset using Guid(4943014f1a4db8e43b75545182b4689b) Importer(815301076,1909f56bfc062723c751e8b465ee728b)  -> (artifact id: '8d32397a3df7dbd4527074b49d915eb0') in 0.000900 seconds
Number of updated asset objects reloaded before import = 0
Number of asset objects unloaded after import = 1
========================================================================
Received Import Request.
  Time since last request: 48.461894 seconds.
  path: Assets/Scripts/CardsInfos/Smash Bross/Fox Info.asset
  artifactKey: Guid(765ba03e4d48529439769a0e73d355d5) Importer(815301076,1909f56bfc062723c751e8b465ee728b)
Start importing Assets/Scripts/CardsInfos/Smash Bross/Fox Info.asset using Guid(765ba03e4d48529439769a0e73d355d5) Importer(815301076,1909f56bfc062723c751e8b465ee728b)  -> (artifact id: 'ba3e3bd18d4b4db45461a05a9913c829') in 0.001266 seconds
Number of updated asset objects reloaded before import = 0
Number of asset objects unloaded after import = 1
========================================================================
Received Import Request.
  Time since last request: 46.719217 seconds.
  path: Assets/Scripts/CardsInfos/Smash Bross/Link Info 3.asset
  artifactKey: Guid(ac864c3e1b3422f4297e5c2a183fcb98) Importer(815301076,1909f56bfc062723c751e8b465ee728b)
Start importing Assets/Scripts/CardsInfos/Smash Bross/Link Info 3.asset using Guid(ac864c3e1b3422f4297e5c2a183fcb98) Importer(815301076,1909f56bfc062723c751e8b465ee728b)  -> (artifact id: '4019d647ffb055f81263daea0a233d3d') in 0.001082 seconds
Number of updated asset objects reloaded before import = 0
Number of asset objects unloaded after import = 1
========================================================================
Received Import Request.
  Time since last request: 29.261965 seconds.
  path: Assets/Scripts/CardsInfos/Smash Bross/Ness Info 1.asset
  artifactKey: Guid(47b3e8681dfecfa41a655828c7195e66) Importer(815301076,1909f56bfc062723c751e8b465ee728b)
Start importing Assets/Scripts/CardsInfos/Smash Bross/Ness Info 1.asset using Guid(47b3e8681dfecfa41a655828c7195e66) Importer(815301076,1909f56bfc062723c751e8b465ee728b)  -> (artifact id: '4eaf7eed77babf7edcdd25b4e6eca513') in 0.001139 seconds
Number of updated asset objects reloaded before import = 0
Number of asset objects unloaded after import = 1
========================================================================
Received Import Request.
  Time since last request: 186.702232 seconds.
  path: Assets/Scripts/CardsInfos/Smash Bross/Kirby info.asset
  artifactKey: Guid(aa840aad78b2179429733e716beafe0c) Importer(815301076,1909f56bfc062723c751e8b465ee728b)
Start importing Assets/Scripts/CardsInfos/Smash Bross/Kirby info.asset using Guid(aa840aad78b2179429733e716beafe0c) Importer(815301076,1909f56bfc062723c751e8b465ee728b)  -> (artifact id: 'fd955bd740f4870553eaa541bb83f830') in 0.001606 seconds
Number of updated asset objects reloaded before import = 0
Number of asset objects unloaded after import = 1
